[2021-01-06 21:47:57.514] INFO  com.keepwork.fileetl.FileETLApp - Starting FileETLApp on SK-20200112WGTS with PID 6432 (E:\javaSpace\KeepWork\FileETL\target\classes started by Administrator in E:\javaSpace\KeepWork)
[2021-01-06 21:47:57.522] INFO  com.keepwork.fileetl.FileETLApp - No active profile set, falling back to default profiles: default
[2021-01-06 21:47:58.508] INFO  o.s.b.w.e.tomcat.TomcatWebServer - Tomcat initialized with port(s): 8081 (http)
[2021-01-06 21:47:58.511] INFO  o.a.coyote.http11.Http11NioProtocol - Initializing ProtocolHandler ["http-nio-8081"]
[2021-01-06 21:47:58.511] INFO  o.a.catalina.core.StandardService - Starting service [Tomcat]
[2021-01-06 21:47:58.511] INFO  o.a.catalina.core.StandardEngine - Starting Servlet engine: [Apache Tomcat/9.0.41]
[2021-01-06 21:47:58.521] INFO  o.a.c.core.AprLifecycleListener - Loaded Apache Tomcat Native library [1.2.25] using APR version [1.7.0].
[2021-01-06 21:47:58.521] INFO  o.a.c.core.AprLifecycleListener - APR capabilities: IPv6 [true], sendfile [true], accept filters [false], random [true].
[2021-01-06 21:47:58.521] INFO  o.a.c.core.AprLifecycleListener - APR/OpenSSL configuration: useAprConnector [false], useOpenSSL [true]
[2021-01-06 21:47:58.521] INFO  o.a.c.core.AprLifecycleListener - OpenSSL successfully initialized [OpenSSL 1.1.1g  21 Apr 2020]
[2021-01-06 21:47:58.581] INFO  o.a.c.c.C.[Tomcat].[localhost].[/] - Initializing Spring embedded WebApplicationContext
[2021-01-06 21:47:58.581] INFO  o.s.b.w.s.c.ServletWebServerApplicationContext - Root WebApplicationContext: initialization completed in 1003 ms
[2021-01-06 21:47:58.929] INFO  o.s.s.c.ThreadPoolTaskExecutor - Initializing ExecutorService 'applicationTaskExecutor'
[2021-01-06 21:47:59.079] INFO  o.s.s.c.ThreadPoolTaskScheduler - Initializing ExecutorService 'taskScheduler'
[2021-01-06 21:47:59.103] INFO  o.a.coyote.http11.Http11NioProtocol - Starting ProtocolHandler ["http-nio-8081"]
[2021-01-06 21:47:59.120] INFO  o.s.b.w.e.tomcat.TomcatWebServer - Tomcat started on port(s): 8081 (http) with context path ''
[2021-01-06 21:47:59.135] INFO  com.keepwork.fileetl.FileETLApp - Started FileETLApp in 2.034 seconds (JVM running for 2.786)
[2021-01-06 21:48:00.020] INFO  com.zaxxer.hikari.HikariDataSource - HikariPool-1 - Starting...
[2021-01-06 21:48:00.209] INFO  com.zaxxer.hikari.HikariDataSource - HikariPool-1 - Start completed.
[2021-01-06 21:48:12.767] INFO  o.a.c.c.C.[Tomcat].[localhost].[/] - Initializing Spring DispatcherServlet 'dispatcherServlet'
[2021-01-06 21:48:12.767] INFO  o.s.web.servlet.DispatcherServlet - Initializing Servlet 'dispatcherServlet'
[2021-01-06 21:48:12.772] INFO  o.s.web.servlet.DispatcherServlet - Completed initialization in 5 ms
[2021-01-06 22:17:30.001] WARN  com.zaxxer.hikari.pool.PoolBase - HikariPool-1 - Failed to validate connection com.mysql.jdbc.JDBC4Connection@5e0a3ff2 (No operations allowed after connection closed.). Possibly consider using a shorter maxLifetime value.
[2021-01-06 22:17:30.002] WARN  com.zaxxer.hikari.pool.PoolBase - HikariPool-1 - Failed to validate connection com.mysql.jdbc.JDBC4Connection@730ea4a2 (No operations allowed after connection closed.). Possibly consider using a shorter maxLifetime value.
[2021-01-06 22:17:30.002] WARN  com.zaxxer.hikari.pool.PoolBase - HikariPool-1 - Failed to validate connection com.mysql.jdbc.JDBC4Connection@1737639 (No operations allowed after connection closed.). Possibly consider using a shorter maxLifetime value.
[2021-01-06 22:17:30.003] WARN  com.zaxxer.hikari.pool.PoolBase - HikariPool-1 - Failed to validate connection com.mysql.jdbc.JDBC4Connection@4e888489 (No operations allowed after connection closed.). Possibly consider using a shorter maxLifetime value.
[2021-01-06 22:17:30.003] WARN  com.zaxxer.hikari.pool.PoolBase - HikariPool-1 - Failed to validate connection com.mysql.jdbc.JDBC4Connection@4172d705 (No operations allowed after connection closed.). Possibly consider using a shorter maxLifetime value.
[2021-01-06 22:17:30.004] WARN  com.zaxxer.hikari.pool.PoolBase - HikariPool-1 - Failed to validate connection com.mysql.jdbc.JDBC4Connection@47df403d (No operations allowed after connection closed.). Possibly consider using a shorter maxLifetime value.
